0 info it worked if it ends with ok
1 verbose cli [ '/usr/bin/node', '/usr/bin/npm', 'install', 'express.io' ]
2 info using npm@1.4.28
3 info using node@v0.10.38
4 verbose node symlink /usr/bin/node
5 warn package.json web-api-code-example@0.0.1 No repository field.
6 warn package.json web-api-code-example@0.0.1 No README data
7 warn package.json querystring@0.2.0 querystring is also the name of a node core module.
8 verbose readDependencies using package.json deps
9 verbose cache add [ 'express.io', null ]
10 verbose cache add name=undefined spec="express.io" args=["express.io",null]
11 verbose parsed url { protocol: null,
11 verbose parsed url   slashes: null,
11 verbose parsed url   auth: null,
11 verbose parsed url   host: null,
11 verbose parsed url   port: null,
11 verbose parsed url   hostname: null,
11 verbose parsed url   hash: null,
11 verbose parsed url   search: null,
11 verbose parsed url   query: null,
11 verbose parsed url   pathname: 'express.io',
11 verbose parsed url   path: 'express.io',
11 verbose parsed url   href: 'express.io' }
12 silly lockFile 9392f995-express-io express.io
13 verbose lock express.io /home/jesse/.npm/9392f995-express-io.lock
14 silly lockFile 9392f995-express-io express.io
15 silly lockFile 9392f995-express-io express.io
16 verbose addNamed [ 'express.io', '' ]
17 verbose addNamed [ null, '*' ]
18 silly lockFile a660f9bf-express-io express.io@
19 verbose lock express.io@ /home/jesse/.npm/a660f9bf-express-io.lock
20 silly addNameRange { name: 'express.io', range: '*', hasData: false }
21 verbose request where is /express.io
22 verbose request registry https://registry.npmjs.org/
23 verbose request id b0254953bcd21690
24 verbose url raw /express.io
25 verbose url resolving [ 'https://registry.npmjs.org/', './express.io' ]
26 verbose url resolved https://registry.npmjs.org/express.io
27 verbose request where is https://registry.npmjs.org/express.io
28 info trying registry request attempt 1 at 23:42:14
29 http GET https://registry.npmjs.org/express.io
30 http 200 https://registry.npmjs.org/express.io
31 silly registry.get cb [ 200,
31 silly registry.get   { server: 'CouchDB/1.5.0 (Erlang OTP/R16B03)',
31 silly registry.get     etag: '"7XNXZ5XNRS5G6IQDA0YTL70Q"',
31 silly registry.get     'content-type': 'application/json',
31 silly registry.get     'cache-control': 'max-age=60',
31 silly registry.get     'content-length': '27662',
31 silly registry.get     'accept-ranges': 'bytes',
31 silly registry.get     date: 'Thu, 28 May 2015 03:42:14 GMT',
31 silly registry.get     via: '1.1 varnish',
31 silly registry.get     age: '0',
31 silly registry.get     connection: 'keep-alive',
31 silly registry.get     'x-served-by': 'cache-atl6223-ATL',
31 silly registry.get     'x-cache': 'MISS',
31 silly registry.get     'x-cache-hits': '0',
31 silly registry.get     'x-timer': 'S1432784534.626265,VS0,VE51',
31 silly registry.get     vary: 'Accept' } ]
32 silly addNameRange number 2 { name: 'express.io', range: '*', hasData: true }
33 silly addNameRange versions [ 'express.io',
33 silly addNameRange   [ '0.0.1',
33 silly addNameRange     '0.0.2',
33 silly addNameRange     '1.0.0',
33 silly addNameRange     '1.0.1',
33 silly addNameRange     '1.0.2',
33 silly addNameRange     '1.0.3',
33 silly addNameRange     '1.0.4',
33 silly addNameRange     '1.0.5',
33 silly addNameRange     '1.0.6',
33 silly addNameRange     '1.0.7',
33 silly addNameRange     '1.1.2',
33 silly addNameRange     '1.1.3',
33 silly addNameRange     '1.1.4',
33 silly addNameRange     '1.1.5',
33 silly addNameRange     '1.1.6',
33 silly addNameRange     '1.1.7',
33 silly addNameRange     '1.1.8',
33 silly addNameRange     '1.1.9',
33 silly addNameRange     '1.1.10',
33 silly addNameRange     '1.1.11',
33 silly addNameRange     '1.1.12',
33 silly addNameRange     '1.1.13' ] ]
34 verbose addNamed [ 'express.io', '1.1.13' ]
35 verbose addNamed [ '1.1.13', '1.1.13' ]
36 silly lockFile 8417c84b-express-io-1-1-13 express.io@1.1.13
37 verbose lock express.io@1.1.13 /home/jesse/.npm/8417c84b-express-io-1-1-13.lock
38 silly lockFile a8361ba0-express-io-express-io-1-1-13-tgz https://registry.npmjs.org/express.io/-/express.io-1.1.13.tgz
39 verbose lock https://registry.npmjs.org/express.io/-/express.io-1.1.13.tgz /home/jesse/.npm/a8361ba0-express-io-express-io-1-1-13-tgz.lock
40 verbose addRemoteTarball [ 'https://registry.npmjs.org/express.io/-/express.io-1.1.13.tgz',
40 verbose addRemoteTarball   'cfd60a2454bd33337d8ccd98ed97c3e7bcfe5d1f' ]
41 info retry fetch attempt 1 at 23:42:14
42 verbose fetch to= /tmp/npm-7273-FhwPwSiN/registry.npmjs.org/express.io/-/express.io-1.1.13.tgz
43 http GET https://registry.npmjs.org/express.io/-/express.io-1.1.13.tgz
44 http 200 https://registry.npmjs.org/express.io/-/express.io-1.1.13.tgz
45 silly lockFile a8361ba0-express-io-express-io-1-1-13-tgz https://registry.npmjs.org/express.io/-/express.io-1.1.13.tgz
46 silly lockFile a8361ba0-express-io-express-io-1-1-13-tgz https://registry.npmjs.org/express.io/-/express.io-1.1.13.tgz
47 silly lockFile 8417c84b-express-io-1-1-13 express.io@1.1.13
48 silly lockFile 8417c84b-express-io-1-1-13 express.io@1.1.13
49 silly lockFile a660f9bf-express-io express.io@
50 silly lockFile a660f9bf-express-io express.io@
51 silly resolved [ { name: 'express.io',
51 silly resolved     version: '1.1.13',
51 silly resolved     description: 'Realtime-web framework for nodejs',
51 silly resolved     keywords:
51 silly resolved      [ 'realtime',
51 silly resolved        'web',
51 silly resolved        'framework',
51 silly resolved        'express.io',
51 silly resolved        'express',
51 silly resolved        'socket.io',
51 silly resolved        'badass' ],
51 silly resolved     homepage: 'http://express-io.org',
51 silly resolved     author: { name: 'Brad Carleton', email: 'brad@techpines.com' },
51 silly resolved     repository: { type: 'git', url: 'git://github.com/techpines/express.io' },
51 silly resolved     contributors: [ [Object], [Object], [Object], [Object] ],
51 silly resolved     dependencies:
51 silly resolved      { express: '~3.4.0',
51 silly resolved        'socket.io': '~0.9.16',
51 silly resolved        async: '0.1.22',
51 silly resolved        underscore: '1.4.3',
51 silly resolved        'coffee-script': '1.4.0' },
51 silly resolved     devDependencies:
51 silly resolved      { request: '*',
51 silly resolved        mocha: '*',
51 silly resolved        chai: '*',
51 silly resolved        'socket.io-client': '*',
51 silly resolved        jade: '*' },
51 silly resolved     main: 'switch.js',
51 silly resolved     scripts:
51 silly resolved      { test: './node_modules/mocha/bin/mocha test/test.coffee',
51 silly resolved        compile: './node_modules/coffee-script/bin/coffee -o compiled/ -c lib/',
51 silly resolved        prepublish: 'echo $(pwd) > /tmp/.pwd; ./node_modules/coffee-script/bin/coffee -o compiled/ -c lib/;',
51 silly resolved        postpublish: 'rm -rf $(cat /tmp/.pwd)/compiled' },
51 silly resolved     bugs: { url: 'https://github.com/techpines/express.io/issues' },
51 silly resolved     _id: 'express.io@1.1.13',
51 silly resolved     dist:
51 silly resolved      { shasum: 'cfd60a2454bd33337d8ccd98ed97c3e7bcfe5d1f',
51 silly resolved        tarball: 'http://registry.npmjs.org/express.io/-/express.io-1.1.13.tgz' },
51 silly resolved     _from: 'express.io@',
51 silly resolved     _npmVersion: '1.3.5',
51 silly resolved     _npmUser: { name: 'brad@techpines.com', email: 'brad@techpines.com' },
51 silly resolved     maintainers: [ [Object] ],
51 silly resolved     directories: {},
51 silly resolved     _shasum: 'cfd60a2454bd33337d8ccd98ed97c3e7bcfe5d1f',
51 silly resolved     _resolved: 'https://registry.npmjs.org/express.io/-/express.io-1.1.13.tgz' } ]
52 info install express.io@1.1.13 into /opt/lampp/htdocs/Spotify-Radio
53 info installOne express.io@1.1.13
54 verbose node_modules/express.io unbuild
55 verbose tar unpack /home/jesse/.npm/express.io/1.1.13/package.tgz
56 silly lockFile 5c2e0a91-fy-Radio-node-modules-express-io tar:///opt/lampp/htdocs/Spotify-Radio/node_modules/express.io
57 verbose lock tar:///opt/lampp/htdocs/Spotify-Radio/node_modules/express.io /home/jesse/.npm/5c2e0a91-fy-Radio-node-modules-express-io.lock
58 silly lockFile 4020ebe2-pm-express-io-1-1-13-package-tgz tar:///home/jesse/.npm/express.io/1.1.13/package.tgz
59 verbose lock tar:///home/jesse/.npm/express.io/1.1.13/package.tgz /home/jesse/.npm/4020ebe2-pm-express-io-1-1-13-package-tgz.lock
60 silly gunzTarPerm modes [ '755', '644' ]
61 error Error: EACCES, mkdir '/opt/lampp/htdocs/Spotify-Radio/node_modules/express.io'
61 error  { [Error: EACCES, mkdir '/opt/lampp/htdocs/Spotify-Radio/node_modules/express.io']
61 error   errno: 3,
61 error   code: 'EACCES',
61 error   path: '/opt/lampp/htdocs/Spotify-Radio/node_modules/express.io',
61 error   fstream_type: 'Directory',
61 error   fstream_path: '/opt/lampp/htdocs/Spotify-Radio/node_modules/express.io',
61 error   fstream_class: 'DirWriter',
61 error   fstream_stack:
61 error    [ '/usr/lib/node_modules/npm/node_modules/fstream/lib/dir-writer.js:36:23',
61 error      '/usr/lib/node_modules/npm/node_modules/mkdirp/index.js:46:53',
61 error      'Object.oncomplete (fs.js:108:15)' ] }
62 error Please try running this command again as root/Administrator.
63 error System Linux 3.13.0-37-generic
64 error command "/usr/bin/node" "/usr/bin/npm" "install" "express.io"
65 error cwd /opt/lampp/htdocs/Spotify-Radio
66 error node -v v0.10.38
67 error npm -v 1.4.28
68 error path /opt/lampp/htdocs/Spotify-Radio/node_modules/express.io
69 error fstream_path /opt/lampp/htdocs/Spotify-Radio/node_modules/express.io
70 error fstream_type Directory
71 error fstream_class DirWriter
72 error code EACCES
73 error errno 3
74 error stack Error: EACCES, mkdir '/opt/lampp/htdocs/Spotify-Radio/node_modules/express.io'
75 error fstream_stack /usr/lib/node_modules/npm/node_modules/fstream/lib/dir-writer.js:36:23
75 error fstream_stack /usr/lib/node_modules/npm/node_modules/mkdirp/index.js:46:53
75 error fstream_stack Object.oncomplete (fs.js:108:15)
76 verbose exit [ 3, true ]
